<?xml version="1.0" encoding="UTF-8"?>
<testng-results ignored="0" total="15" passed="15" failed="0" skipped="0">
  <reporter-output>
  </reporter-output>
  <suite started-at="2020-07-27T10:41:19 IST" name="Default suite" finished-at="2020-07-27T10:42:28 IST" duration-ms="68341">
    <groups>
      <group name="regression">
        <method signature="AliExpressWorkflow.searchproduct()[pri:0, instance:aliexpress.tests.AliExpressWorkflow@1ed6388a]" name="searchproduct" class="aliexpress.tests.AliExpressWorkflow"/>
        <method signature="AliExpressWorkflow.searchresultpagevalidation()[pri:1, instance:aliexpress.tests.AliExpressWorkflow@1ed6388a]" name="searchresultpagevalidation" class="aliexpress.tests.AliExpressWorkflow"/>
        <method signature="AliExpressWorkflow.productpagevalidation()[pri:2, instance:aliexpress.tests.AliExpressWorkflow@1ed6388a]" name="productpagevalidation" class="aliexpress.tests.AliExpressWorkflow"/>
        <method signature="AliExpressWorkflow.Buytheproductproductpagevalidation()[pri:4, instance:aliexpress.tests.AliExpressWorkflow@1ed6388a]" name="Buytheproductproductpagevalidation" class="aliexpress.tests.AliExpressWorkflow"/>
        <method signature="AliExpressWorkflow.verifyproductimage()[pri:5, instance:aliexpress.tests.AliExpressWorkflow@1ed6388a]" name="verifyproductimage" class="aliexpress.tests.AliExpressWorkflow"/>
      </group> <!-- regression -->
      <group name="smoke">
        <method signature="AliExpressWorkflow.searchproduct()[pri:0, instance:aliexpress.tests.AliExpressWorkflow@1ed6388a]" name="searchproduct" class="aliexpress.tests.AliExpressWorkflow"/>
        <method signature="AliExpressWorkflow.searchresultpagevalidation()[pri:1, instance:aliexpress.tests.AliExpressWorkflow@1ed6388a]" name="searchresultpagevalidation" class="aliexpress.tests.AliExpressWorkflow"/>
        <method signature="AliExpressWorkflow.productpagevalidation()[pri:2, instance:aliexpress.tests.AliExpressWorkflow@1ed6388a]" name="productpagevalidation" class="aliexpress.tests.AliExpressWorkflow"/>
        <method signature="AliExpressWorkflow.Buytheproductproductpagevalidation()[pri:4, instance:aliexpress.tests.AliExpressWorkflow@1ed6388a]" name="Buytheproductproductpagevalidation" class="aliexpress.tests.AliExpressWorkflow"/>
      </group> <!-- smoke -->
    </groups>
    <test started-at="2020-07-27T10:41:19 IST" name="Default test" finished-at="2020-07-27T10:42:28 IST" duration-ms="68341">
      <class name="aliexpress.tests.AliExpressWorkflow">
        <test-method is-config="true" signature="presetup()[pri:0, instance:aliexpress.tests.AliExpressWorkflow@1ed6388a]" started-at="2020-07-27T10:40:54 IST" name="presetup" finished-at="2020-07-27T10:41:19 IST" duration-ms="25724" status="PASS">
          <reporter-output>
          </reporter-output>
        </test-method> <!-- presetup -->
        <test-method is-config="true" signature="classsetup()[pri:0, instance:aliexpress.tests.AliExpressWorkflow@1ed6388a]" started-at="2020-07-27T10:41:19 IST" name="classsetup" finished-at="2020-07-27T10:41:21 IST" duration-ms="1195" status="PASS">
          <reporter-output>
          </reporter-output>
        </test-method> <!-- classsetup -->
        <test-method signature="searchproduct()[pri:0, instance:aliexpress.tests.AliExpressWorkflow@1ed6388a]" started-at="2020-07-27T10:41:21 IST" name="searchproduct" finished-at="2020-07-27T10:41:35 IST" duration-ms="14701" status="PASS">
          <reporter-output>
          </reporter-output>
        </test-method> <!-- searchproduct -->
        <test-method signature="closepopup()[pri:1, instance:aliexpress.tests.AliExpressWorkflow@1ed6388a]" started-at="2020-07-27T10:41:35 IST" name="closepopup" finished-at="2020-07-27T10:41:36 IST" duration-ms="403" status="PASS">
          <reporter-output>
          </reporter-output>
        </test-method> <!-- closepopup -->
        <test-method signature="closepopup()[pri:1, instance:aliexpress.tests.AliExpressWorkflow@1ed6388a]" started-at="2020-07-27T10:41:36 IST" name="closepopup" finished-at="2020-07-27T10:41:36 IST" duration-ms="48" status="PASS">
          <reporter-output>
          </reporter-output>
        </test-method> <!-- closepopup -->
        <test-method signature="closepopup()[pri:1, instance:aliexpress.tests.AliExpressWorkflow@1ed6388a]" started-at="2020-07-27T10:41:36 IST" name="closepopup" finished-at="2020-07-27T10:41:36 IST" duration-ms="29" status="PASS">
          <reporter-output>
          </reporter-output>
        </test-method> <!-- closepopup -->
        <test-method signature="closepopup()[pri:1, instance:aliexpress.tests.AliExpressWorkflow@1ed6388a]" started-at="2020-07-27T10:41:36 IST" name="closepopup" finished-at="2020-07-27T10:41:36 IST" duration-ms="53" status="PASS">
          <reporter-output>
          </reporter-output>
        </test-method> <!-- closepopup -->
        <test-method signature="closepopup()[pri:1, instance:aliexpress.tests.AliExpressWorkflow@1ed6388a]" started-at="2020-07-27T10:41:36 IST" name="closepopup" finished-at="2020-07-27T10:41:36 IST" duration-ms="60" status="PASS">
          <reporter-output>
          </reporter-output>
        </test-method> <!-- closepopup -->
        <test-method signature="closepopup()[pri:1, instance:aliexpress.tests.AliExpressWorkflow@1ed6388a]" started-at="2020-07-27T10:41:36 IST" name="closepopup" finished-at="2020-07-27T10:41:36 IST" duration-ms="69" status="PASS">
          <reporter-output>
          </reporter-output>
        </test-method> <!-- closepopup -->
        <test-method signature="closepopup()[pri:1, instance:aliexpress.tests.AliExpressWorkflow@1ed6388a]" started-at="2020-07-27T10:41:36 IST" name="closepopup" finished-at="2020-07-27T10:41:36 IST" duration-ms="26" status="PASS">
          <reporter-output>
          </reporter-output>
        </test-method> <!-- closepopup -->
        <test-method signature="closepopup()[pri:1, instance:aliexpress.tests.AliExpressWorkflow@1ed6388a]" started-at="2020-07-27T10:41:36 IST" name="closepopup" finished-at="2020-07-27T10:41:36 IST" duration-ms="26" status="PASS">
          <reporter-output>
          </reporter-output>
        </test-method> <!-- closepopup -->
        <test-method signature="closepopup()[pri:1, instance:aliexpress.tests.AliExpressWorkflow@1ed6388a]" started-at="2020-07-27T10:41:36 IST" name="closepopup" finished-at="2020-07-27T10:41:36 IST" duration-ms="35" status="PASS">
          <reporter-output>
          </reporter-output>
        </test-method> <!-- closepopup -->
        <test-method signature="closepopup()[pri:1, instance:aliexpress.tests.AliExpressWorkflow@1ed6388a]" started-at="2020-07-27T10:41:36 IST" name="closepopup" finished-at="2020-07-27T10:41:36 IST" duration-ms="33" status="PASS">
          <reporter-output>
          </reporter-output>
        </test-method> <!-- closepopup -->
        <test-method signature="searchresultpagevalidation()[pri:1, instance:aliexpress.tests.AliExpressWorkflow@1ed6388a]" started-at="2020-07-27T10:41:36 IST" name="searchresultpagevalidation" finished-at="2020-07-27T10:41:39 IST" depends-on-methods="aliexpress.tests.AliExpressWorkflow.searchproduct" duration-ms="2742" status="PASS">
          <reporter-output>
          </reporter-output>
        </test-method> <!-- searchresultpagevalidation -->
        <test-method signature="productpagevalidation()[pri:2, instance:aliexpress.tests.AliExpressWorkflow@1ed6388a]" started-at="2020-07-27T10:41:39 IST" name="productpagevalidation" finished-at="2020-07-27T10:42:22 IST" depends-on-methods="aliexpress.tests.AliExpressWorkflow.searchresultpagevalidation" duration-ms="43117" status="PASS">
          <reporter-output>
          </reporter-output>
        </test-method> <!-- productpagevalidation -->
        <test-method signature="Buytheproductproductpagevalidation()[pri:4, instance:aliexpress.tests.AliExpressWorkflow@1ed6388a]" started-at="2020-07-27T10:42:22 IST" name="Buytheproductproductpagevalidation" finished-at="2020-07-27T10:42:26 IST" depends-on-methods="aliexpress.tests.AliExpressWorkflow.productpagevalidation" duration-ms="3609" status="PASS">
          <reporter-output>
          </reporter-output>
        </test-method> <!-- Buytheproductproductpagevalidation -->
        <test-method signature="verifyproductimage()[pri:5, instance:aliexpress.tests.AliExpressWorkflow@1ed6388a]" started-at="2020-07-27T10:42:26 IST" name="verifyproductimage" finished-at="2020-07-27T10:42:28 IST" depends-on-methods="aliexpress.tests.AliExpressWorkflow.productpagevalidation" duration-ms="1996" status="PASS">
          <reporter-output>
          </reporter-output>
        </test-method> <!-- verifyproductimage -->
        <test-method is-config="true" signature="teardown()[pri:0, instance:aliexpress.tests.AliExpressWorkflow@1ed6388a]" started-at="2020-07-27T10:42:28 IST" name="teardown" finished-at="2020-07-27T10:42:31 IST" duration-ms="2591" status="PASS">
          <reporter-output>
          </reporter-output>
        </test-method> <!-- teardown -->
      </class> <!-- aliexpress.tests.AliExpressWorkflow -->
    </test> <!-- Default test -->
  </suite> <!-- Default suite -->
</testng-results>
