<?xml version="1.0" encoding="UTF-8"?>
<!-- Generated by org.testng.reporters.JUnitXMLReporter -->
<testsuite ignored="0" hostname="Admin-PC" failures="1" tests="4" name="Default test" time="2275.136" errors="0" timestamp="2020-07-26T15:36:19 IST">
  <testcase classname="aliexpress.tests.Workflow" name="searchproduct" time="661.14"/>
  <testcase classname="aliexpress.tests.Workflow" name="searchresultpagevalidation" time="1611.667">
    <failure type="java.lang.NullPointerException">
      <![CDATA[java.lang.NullPointerException
at com.relevantcodes.extentreports.ExtentTest.isPathRelative(ExtentTest.java:502)
at com.relevantcodes.extentreports.ExtentTest.addScreenCapture(ExtentTest.java:287)
at utilities.Reporting.logPortalExtentreport(Reporting.java:68)
at com.aliexpress.actions.SearchPageAction.fn_searchResultcount(SearchPageAction.java:34)
at aliexpress.tests.Workflow.searchresultpagevalidation(Workflow.java:46)
at java.base/jdk.internal.reflect.NativeMethodAccessorImpl.invoke0(Native Method)
at java.base/jdk.internal.reflect.NativeMethodAccessorImpl.invoke(NativeMethodAccessorImpl.java:62)
at java.base/jdk.internal.reflect.DelegatingMethodAccessorImpl.invoke(DelegatingMethodAccessorImpl.java:43)
at java.base/java.lang.reflect.Method.invoke(Method.java:564)
at org.testng.internal.MethodInvocationHelper.invokeMethod(MethodInvocationHelper.java:135)
at org.testng.internal.TestInvoker.invokeMethod(TestInvoker.java:598)
at org.testng.internal.TestInvoker.invokeTestMethod(TestInvoker.java:174)
at org.testng.internal.MethodRunner.runInSequence(MethodRunner.java:46)
at org.testng.internal.TestInvoker$MethodInvocationAgent.invoke(TestInvoker.java:821)
at org.testng.internal.TestInvoker.invokeTestMethods(TestInvoker.java:147)
at org.testng.internal.TestMethodWorker.invokeTestMethods(TestMethodWorker.java:146)
at org.testng.internal.TestMethodWorker.run(TestMethodWorker.java:128)
at java.base/java.util.ArrayList.forEach(ArrayList.java:1511)
at org.testng.TestRunner.privateRun(TestRunner.java:767)
at org.testng.TestRunner.run(TestRunner.java:588)
at org.testng.SuiteRunner.runTest(SuiteRunner.java:384)
at org.testng.SuiteRunner.runSequentially(SuiteRunner.java:378)
at org.testng.SuiteRunner.privateRun(SuiteRunner.java:337)
at org.testng.SuiteRunner.run(SuiteRunner.java:286)
at org.testng.SuiteRunnerWorker.runSuite(SuiteRunnerWorker.java:53)
at org.testng.SuiteRunnerWorker.run(SuiteRunnerWorker.java:96)
at org.testng.TestNG.runSuitesSequentially(TestNG.java:1214)
at org.testng.TestNG.runSuitesLocally(TestNG.java:1136)
at org.testng.TestNG.runSuites(TestNG.java:1066)
at org.testng.TestNG.run(TestNG.java:1034)
at org.testng.remote.AbstractRemoteTestNG.run(AbstractRemoteTestNG.java:115)
at org.testng.remote.RemoteTestNG.initAndRun(RemoteTestNG.java:251)
at org.testng.remote.RemoteTestNG.main(RemoteTestNG.java:77)
]]>
    </failure>
  </testcase> <!-- searchresultpagevalidation -->
  <testcase classname="aliexpress.tests.Workflow" name="productpagevalidation" time="0.0">
    <skipped/>
  </testcase> <!-- productpagevalidation -->
  <testcase classname="aliexpress.tests.Workflow" name="Buttheproductproductpagevalidation" time="0.0">
    <skipped/>
  </testcase> <!-- Buttheproductproductpagevalidation -->
</testsuite> <!-- Default test -->
