<?xml version="1.0" encoding="UTF-8"?>
<!-- Generated by org.testng.reporters.JUnitXMLReporter -->
<testsuite ignored="0" hostname="Admin-PC" failures="0" tests="15" name="Default test" time="68.341" errors="0" timestamp="2020-07-27T10:42:28 IST">
  <testcase classname="aliexpress.tests.AliExpressWorkflow" name="searchproduct" time="14.701"/>
  <testcase classname="aliexpress.tests.AliExpressWorkflow" name="closepopup" time="0.403"/>
  <testcase classname="aliexpress.tests.AliExpressWorkflow" name="closepopup" time="0.048"/>
  <testcase classname="aliexpress.tests.AliExpressWorkflow" name="closepopup" time="0.029"/>
  <testcase classname="aliexpress.tests.AliExpressWorkflow" name="closepopup" time="0.053"/>
  <testcase classname="aliexpress.tests.AliExpressWorkflow" name="closepopup" time="0.06"/>
  <testcase classname="aliexpress.tests.AliExpressWorkflow" name="closepopup" time="0.069"/>
  <testcase classname="aliexpress.tests.AliExpressWorkflow" name="closepopup" time="0.026"/>
  <testcase classname="aliexpress.tests.AliExpressWorkflow" name="closepopup" time="0.026"/>
  <testcase classname="aliexpress.tests.AliExpressWorkflow" name="closepopup" time="0.035"/>
  <testcase classname="aliexpress.tests.AliExpressWorkflow" name="closepopup" time="0.033"/>
  <testcase classname="aliexpress.tests.AliExpressWorkflow" name="searchresultpagevalidation" time="2.742"/>
  <testcase classname="aliexpress.tests.AliExpressWorkflow" name="productpagevalidation" time="43.117"/>
  <testcase classname="aliexpress.tests.AliExpressWorkflow" name="Buytheproductproductpagevalidation" time="3.609"/>
  <testcase classname="aliexpress.tests.AliExpressWorkflow" name="verifyproductimage" time="1.996"/>
</testsuite> <!-- Default test -->
