<?xml version="1.0" encoding="UTF-8"?>
<!-- Generated by org.testng.reporters.JUnitXMLReporter -->
<testsuite ignored="1" hostname="Admin-PC" failures="0" tests="4" name="AliexpressSuite" time="94.708" errors="0" timestamp="2020-07-26T20:42:45 IST">
  <testcase classname="aliexpress.tests.AliExpressWorkflow" name="searchproduct" time="30.885"/>
  <testcase classname="aliexpress.tests.AliExpressWorkflow" name="searchresultpagevalidation" time="2.579"/>
  <testcase classname="aliexpress.tests.AliExpressWorkflow" name="productpagevalidation" time="55.098"/>
  <testcase classname="aliexpress.tests.AliExpressWorkflow" name="Buytheproductproductpagevalidation" time="2.45"/>
  <testcase classname="aliexpress.tests.AliExpressWorkflow" name="verifyproductimage" time="0.0">
    <ignored/>
  </testcase> <!-- verifyproductimage -->
</testsuite> <!-- AliexpressSuite -->
