<?xml version="1.0" encoding="UTF-8"?>
<!-- Generated by org.testng.reporters.JUnitXMLReporter -->
<testsuite ignored="1" hostname="Admin-PC" failures="0" tests="4" name="AliexpressSuite" time="143.748" errors="0" timestamp="2020-07-27T10:24:24 IST">
  <testcase classname="aliexpress.tests.AliExpressWorkflow" name="searchproduct" time="70.506"/>
  <testcase classname="aliexpress.tests.AliExpressWorkflow" name="searchresultpagevalidation" time="3.3"/>
  <testcase classname="aliexpress.tests.AliExpressWorkflow" name="productpagevalidation" time="52.483"/>
  <testcase classname="aliexpress.tests.AliExpressWorkflow" name="Buytheproductproductpagevalidation" time="3.085"/>
  <testcase classname="aliexpress.tests.AliExpressWorkflow" name="verifyproductimage" time="0.0">
    <ignored/>
  </testcase> <!-- verifyproductimage -->
</testsuite> <!-- AliexpressSuite -->
