<?xml version="1.0" encoding="UTF-8"?>
<!-- Generated by org.testng.reporters.JUnitXMLReporter -->
<testsuite ignored="0" hostname="Admin-PC" failures="0" tests="5" name="Command line test" time="299.376" errors="0" timestamp="2020-07-26T19:42:49 IST">
  <testcase classname="aliexpress.tests.AliExpressWorkflow" name="searchproduct" time="96.508"/>
  <testcase classname="aliexpress.tests.AliExpressWorkflow" name="searchresultpagevalidation" time="2.874"/>
  <testcase classname="aliexpress.tests.AliExpressWorkflow" name="productpagevalidation" time="165.444"/>
  <testcase classname="aliexpress.tests.AliExpressWorkflow" name="Buytheproductproductpagevalidation" time="2.816"/>
  <testcase classname="aliexpress.tests.AliExpressWorkflow" name="verifyproductimage" time="0.1"/>
</testsuite> <!-- Command line test -->
