<?xml version="1.0" encoding="UTF-8"?>
<!-- Generated by org.testng.reporters.JUnitXMLReporter -->
<testsuite ignored="1" hostname="Admin-PC" failures="1" tests="3" name="TestNgMavenTest" time="0.253" errors="0" timestamp="2020-07-26T16:43:08 IST">
  <testcase classname="aliexpress.tests.Workflow" name="searchproduct" time="0.041"/>
  <testcase classname="aliexpress.tests.Workflow" name="searchresultpagevalidation" time="0.005">
    <failure type="java.lang.NullPointerException">
      <![CDATA[java.lang.NullPointerException
at utilities.Driver.getDriver(Driver.java:40)
at Pages.SearchPage.<init>(SearchPage.java:24)
at com.aliexpress.actions.SearchPageAction.<init>(SearchPageAction.java:20)
at com.aliexpress.managers.PageObjectmanager.getSearchPage(PageObjectmanager.java:29)
at aliexpress.tests.Workflow.searchresultpagevalidation(Workflow.java:46)
at java.base/java.util.ArrayList.forEach(ArrayList.java:1511)
... Removed 27 stack frames]]>
    </failure>
  </testcase> <!-- searchresultpagevalidation -->
  <testcase classname="aliexpress.tests.Workflow" name="Buttheproductproductpagevalidation" time="0.0">
    <skipped/>
  </testcase> <!-- Buttheproductproductpagevalidation -->
  <testcase classname="aliexpress.tests.Workflow" name="productpagevalidation" time="0.0">
    <ignored/>
  </testcase> <!-- productpagevalidation -->
</testsuite> <!-- TestNgMavenTest -->
